2024-01-21 12:02:34,803 - root - INFO - Training scores:

2024-01-21 12:02:34,851 - root - INFO -     - Accuracy: 0.503
2024-01-21 12:02:35,051 - root - INFO -     - Precision: 0.503
2024-01-21 12:02:35,248 - root - INFO -     - Recall: 1.000

2024-01-21 12:02:35,348 - root - INFO - Test scores:

2024-01-21 12:02:35,348 - root - INFO -     - Accuracy: 0.503
2024-01-21 12:02:35,348 - root - INFO -     - Precision: 0.503
2024-01-21 12:02:35,349 - root - INFO -     - Recall: 1.000
2024-01-21 12:07:59,029 - root - INFO - Training scores:

2024-01-21 12:07:59,077 - root - INFO -     - Accuracy: 0.580
2024-01-21 12:07:59,285 - root - INFO -     - Precision: 0.563
2024-01-21 12:07:59,499 - root - INFO -     - Recall: 0.732

2024-01-21 12:07:59,606 - root - INFO - Test scores:

2024-01-21 12:07:59,607 - root - INFO -     - Accuracy: 0.581
2024-01-21 12:07:59,607 - root - INFO -     - Precision: 0.565
2024-01-21 12:07:59,608 - root - INFO -     - Recall: 0.734
2024-01-21 12:11:58,456 - root - INFO - Training scores:

2024-01-21 12:11:58,503 - root - INFO -     - Accuracy: 0.580
2024-01-21 12:11:58,726 - root - INFO -     - Precision: 0.563
2024-01-21 12:11:58,947 - root - INFO -     - Recall: 0.734

2024-01-21 12:11:59,053 - root - INFO - Test scores:

2024-01-21 12:11:59,054 - root - INFO -     - Accuracy: 0.581
2024-01-21 12:11:59,054 - root - INFO -     - Precision: 0.564
2024-01-21 12:11:59,055 - root - INFO -     - Recall: 0.736
2024-01-21 12:50:54,156 - root - INFO - Training scores:

2024-01-21 12:50:54,223 - root - INFO -     - Accuracy: 0.566
2024-01-21 12:50:54,474 - root - INFO -     - Precision: 0.569
2024-01-21 12:50:54,695 - root - INFO -     - Recall: 0.564

2024-01-21 12:50:54,809 - root - INFO - Test scores:

2024-01-21 12:50:54,810 - root - INFO -     - Accuracy: 0.567
2024-01-21 12:50:54,810 - root - INFO -     - Precision: 0.570
2024-01-21 12:50:54,811 - root - INFO -     - Recall: 0.565
2024-01-21 13:55:19,657 - root - INFO - Training scores:

2024-01-21 13:55:19,721 - root - INFO -     - Accuracy: 0.566
2024-01-21 13:55:20,019 - root - INFO -     - Precision: 0.569
2024-01-21 13:55:20,287 - root - INFO -     - Recall: 0.564

2024-01-21 13:55:20,440 - root - INFO - Test scores:

2024-01-21 13:55:20,441 - root - INFO -     - Accuracy: 0.567
2024-01-21 13:55:20,441 - root - INFO -     - Precision: 0.570
2024-01-21 13:55:20,442 - root - INFO -     - Recall: 0.565
2024-01-21 14:06:05,703 - root - INFO - Training scores:

2024-01-21 14:06:05,771 - root - INFO -     - Accuracy: 0.664
2024-01-21 14:06:05,978 - root - INFO -     - Precision: 0.641
2024-01-21 14:06:06,181 - root - INFO -     - Recall: 0.757

2024-01-21 14:06:06,283 - root - INFO - Test scores:

2024-01-21 14:06:06,284 - root - INFO -     - Accuracy: 0.648
2024-01-21 14:06:06,284 - root - INFO -     - Precision: 0.628
2024-01-21 14:06:06,285 - root - INFO -     - Recall: 0.740
2024-01-21 17:07:46,989 - root - INFO - Training scores:

2024-01-21 17:07:47,036 - root - INFO -     - Accuracy: 0.566
2024-01-21 17:07:47,275 - root - INFO -     - Precision: 0.569
2024-01-21 17:07:47,520 - root - INFO -     - Recall: 0.563

2024-01-21 17:07:47,638 - root - INFO - Test scores:

2024-01-21 17:07:47,638 - root - INFO -     - Accuracy: 0.567
2024-01-21 17:07:47,640 - root - INFO -     - Precision: 0.570
2024-01-21 17:07:47,640 - root - INFO -     - Recall: 0.564
2024-01-21 17:08:27,282 - root - INFO - Training scores:

2024-01-21 17:08:27,349 - root - INFO -     - Accuracy: 0.641
2024-01-21 17:08:27,573 - root - INFO -     - Precision: 0.622
2024-01-21 17:08:27,802 - root - INFO -     - Recall: 0.731

2024-01-21 17:08:27,936 - root - INFO - Test scores:

2024-01-21 17:08:27,937 - root - INFO -     - Accuracy: 0.636
2024-01-21 17:08:27,937 - root - INFO -     - Precision: 0.618
2024-01-21 17:08:27,938 - root - INFO -     - Recall: 0.725
2024-01-21 17:32:22,079 - root - INFO - Training scores:

2024-01-21 17:32:22,146 - root - INFO -     - Accuracy: 0.903
2024-01-21 17:32:22,362 - root - INFO -     - Precision: 0.894
2024-01-21 17:32:22,567 - root - INFO -     - Recall: 0.916

2024-01-21 17:32:22,678 - root - INFO - Test scores:

2024-01-21 17:32:22,679 - root - INFO -     - Accuracy: 0.642
2024-01-21 17:32:22,679 - root - INFO -     - Precision: 0.640
2024-01-21 17:32:22,679 - root - INFO -     - Recall: 0.657
2024-01-21 17:44:52,108 - root - INFO - Training data shape: (745662, 4)
Validation data shape: (159785, 4)
Test data shape: (159785, 4)
2024-01-21 17:49:45,001 - root - INFO - Training scores:

2024-01-21 17:49:45,045 - root - INFO -     - Accuracy: 0.566
2024-01-21 17:49:45,256 - root - INFO -     - Precision: 0.569
2024-01-21 17:49:45,478 - root - INFO -     - Recall: 0.564

2024-01-21 17:49:45,574 - root - INFO - Test scores:

2024-01-21 17:49:45,575 - root - INFO -     - Accuracy: 0.567
2024-01-21 17:49:45,576 - root - INFO -     - Precision: 0.570
2024-01-21 17:49:45,576 - root - INFO -     - Recall: 0.566
2024-01-21 17:54:00,246 - root - INFO - Training scores:

2024-01-21 17:54:00,286 - root - INFO -     - Accuracy: 0.579
2024-01-21 17:54:00,473 - root - INFO -     - Precision: 0.569
2024-01-21 17:54:00,661 - root - INFO -     - Recall: 0.669

2024-01-21 17:54:00,742 - root - INFO - Test scores:

2024-01-21 17:54:00,742 - root - INFO -     - Accuracy: 0.580
2024-01-21 17:54:00,743 - root - INFO -     - Precision: 0.569
2024-01-21 17:54:00,743 - root - INFO -     - Recall: 0.672
2024-01-21 18:11:01,700 - root - INFO - Training scores:

2024-01-21 18:11:01,760 - root - INFO -     - Accuracy: 0.751
2024-01-21 18:11:01,960 - root - INFO -     - Precision: 0.724
2024-01-21 18:11:02,140 - root - INFO -     - Recall: 0.815

2024-01-21 18:11:02,218 - root - INFO - Test scores:

2024-01-21 18:11:02,219 - root - INFO -     - Accuracy: 0.666
2024-01-21 18:11:02,219 - root - INFO -     - Precision: 0.648
2024-01-21 18:11:02,219 - root - INFO -     - Recall: 0.733
2024-01-23 06:07:19,609 - root - INFO - Training data shape: (745662, 4)
Validation data shape: (159785, 4)
Test data shape: (159785, 4)
2024-01-23 06:07:20,258 - root - INFO - Training scores:

2024-01-23 06:07:20,299 - root - INFO -     - Accuracy: 0.579
2024-01-23 06:07:20,484 - root - INFO -     - Precision: 0.569
2024-01-23 06:07:20,681 - root - INFO -     - Recall: 0.669

2024-01-23 06:07:20,767 - root - INFO - Test scores:

2024-01-23 06:07:20,768 - root - INFO -     - Accuracy: 0.580
2024-01-23 06:07:20,768 - root - INFO -     - Precision: 0.569
2024-01-23 06:07:20,769 - root - INFO -     - Recall: 0.672
2024-01-23 06:14:41,714 - root - INFO - Training scores:

2024-01-23 06:14:41,773 - root - INFO -     - Accuracy: 0.749
2024-01-23 06:14:41,961 - root - INFO -     - Precision: 0.723
2024-01-23 06:14:42,133 - root - INFO -     - Recall: 0.814

2024-01-23 06:14:42,208 - root - INFO - Test scores:

2024-01-23 06:14:42,209 - root - INFO -     - Accuracy: 0.669
2024-01-23 06:14:42,209 - root - INFO -     - Precision: 0.651
2024-01-23 06:14:42,209 - root - INFO -     - Recall: 0.736
2024-01-23 07:06:42,400 - root - INFO - Training scores:

2024-01-23 07:06:42,458 - root - INFO -     - Accuracy: 0.749
2024-01-23 07:06:42,656 - root - INFO -     - Precision: 0.723
2024-01-23 07:06:42,889 - root - INFO -     - Recall: 0.814

2024-01-23 07:06:42,974 - root - INFO - Test scores:

2024-01-23 07:06:42,975 - root - INFO -     - Accuracy: 0.669
2024-01-23 07:06:42,975 - root - INFO -     - Precision: 0.651
2024-01-23 07:06:42,975 - root - INFO -     - Recall: 0.736
2024-01-23 07:58:21,275 - root - INFO - Training scores:

2024-01-23 07:58:21,316 - root - INFO -     - Accuracy: 0.579
2024-01-23 07:58:21,499 - root - INFO -     - Precision: 0.569
2024-01-23 07:58:21,683 - root - INFO -     - Recall: 0.669

2024-01-23 07:58:21,759 - root - INFO - Test scores:

2024-01-23 07:58:21,760 - root - INFO -     - Accuracy: 0.580
2024-01-23 07:58:21,760 - root - INFO -     - Precision: 0.569
2024-01-23 07:58:21,761 - root - INFO -     - Recall: 0.672
2024-01-23 07:58:41,072 - root - INFO - Training scores:

2024-01-23 07:58:41,132 - root - INFO -     - Accuracy: 0.749
2024-01-23 07:58:41,327 - root - INFO -     - Precision: 0.723
2024-01-23 07:58:41,517 - root - INFO -     - Recall: 0.814

2024-01-23 07:58:41,605 - root - INFO - Test scores:

2024-01-23 07:58:41,606 - root - INFO -     - Accuracy: 0.669
2024-01-23 07:58:41,606 - root - INFO -     - Precision: 0.651
2024-01-23 07:58:41,607 - root - INFO -     - Recall: 0.736
2024-01-23 07:59:45,858 - root - INFO - Training scores:

2024-01-23 07:59:45,917 - root - INFO -     - Accuracy: 0.686
2024-01-23 07:59:46,100 - root - INFO -     - Precision: 0.625
2024-01-23 07:59:46,267 - root - INFO -     - Recall: 0.944

2024-01-23 07:59:46,339 - root - INFO - Test scores:

2024-01-23 07:59:46,339 - root - INFO -     - Accuracy: 0.647
2024-01-23 07:59:46,340 - root - INFO -     - Precision: 0.598
2024-01-23 07:59:46,340 - root - INFO -     - Recall: 0.909
2024-01-24 08:19:30,771 - root - INFO - Training data shape: (745662, 4)
Validation data shape: (159785, 4)
Test data shape: (159785, 4)
2024-01-24 08:19:31,495 - root - INFO - Training scores:

2024-01-24 08:19:31,538 - root - INFO -     - Accuracy: 0.579
2024-01-24 08:19:31,751 - root - INFO -     - Precision: 0.569
2024-01-24 08:19:31,944 - root - INFO -     - Recall: 0.669

2024-01-24 08:19:32,022 - root - INFO - Test scores:

2024-01-24 08:19:32,022 - root - INFO -     - Accuracy: 0.580
2024-01-24 08:19:32,023 - root - INFO -     - Precision: 0.569
2024-01-24 08:19:32,023 - root - INFO -     - Recall: 0.672
2024-01-24 08:19:36,056 - root - INFO - Training scores:

2024-01-24 08:19:36,116 - root - INFO -     - Accuracy: 0.749
2024-01-24 08:19:36,326 - root - INFO -     - Precision: 0.723
2024-01-24 08:19:36,505 - root - INFO -     - Recall: 0.814

2024-01-24 08:19:36,591 - root - INFO - Test scores:

2024-01-24 08:19:36,592 - root - INFO -     - Accuracy: 0.669
2024-01-24 08:19:36,592 - root - INFO -     - Precision: 0.651
2024-01-24 08:19:36,593 - root - INFO -     - Recall: 0.736
2024-01-24 08:19:46,618 - root - INFO - Training scores:

2024-01-24 08:19:46,676 - root - INFO -     - Accuracy: 0.686
2024-01-24 08:19:46,874 - root - INFO -     - Precision: 0.625
2024-01-24 08:19:47,083 - root - INFO -     - Recall: 0.944

2024-01-24 08:19:47,161 - root - INFO - Test scores:

2024-01-24 08:19:47,162 - root - INFO -     - Accuracy: 0.647
2024-01-24 08:19:47,162 - root - INFO -     - Precision: 0.598
2024-01-24 08:19:47,163 - root - INFO -     - Recall: 0.909
2024-01-24 08:51:53,150 - root - INFO - Training data shape: (745662, 4)
Validation data shape: (159785, 4)
Test data shape: (159785, 4)
2024-01-24 08:51:53,809 - root - INFO - Training scores:

2024-01-24 08:51:53,850 - root - INFO -     - Accuracy: 0.579
2024-01-24 08:51:54,034 - root - INFO -     - Precision: 0.569
2024-01-24 08:51:54,221 - root - INFO -     - Recall: 0.669

2024-01-24 08:51:54,300 - root - INFO - Test scores:

2024-01-24 08:51:54,301 - root - INFO -     - Accuracy: 0.580
2024-01-24 08:51:54,301 - root - INFO -     - Precision: 0.569
2024-01-24 08:51:54,301 - root - INFO -     - Recall: 0.672
2024-01-24 08:51:58,355 - root - INFO - Training scores:

2024-01-24 08:51:58,414 - root - INFO -     - Accuracy: 0.749
2024-01-24 08:51:58,613 - root - INFO -     - Precision: 0.723
2024-01-24 08:51:58,806 - root - INFO -     - Recall: 0.814

2024-01-24 08:51:58,909 - root - INFO - Test scores:

2024-01-24 08:51:58,910 - root - INFO -     - Accuracy: 0.669
2024-01-24 08:51:58,911 - root - INFO -     - Precision: 0.651
2024-01-24 08:51:58,911 - root - INFO -     - Recall: 0.736
2024-01-24 08:52:09,080 - root - INFO - Training scores:

2024-01-24 08:52:09,136 - root - INFO -     - Accuracy: 0.686
2024-01-24 08:52:09,329 - root - INFO -     - Precision: 0.625
2024-01-24 08:52:09,516 - root - INFO -     - Recall: 0.944

2024-01-24 08:52:09,588 - root - INFO - Test scores:

2024-01-24 08:52:09,589 - root - INFO -     - Accuracy: 0.647
2024-01-24 08:52:09,590 - root - INFO -     - Precision: 0.598
2024-01-24 08:52:09,590 - root - INFO -     - Recall: 0.909
2024-01-24 09:09:58,862 - root - INFO - Training data shape: (745662, 4)
Validation data shape: (159785, 4)
Test data shape: (159785, 4)
2024-01-24 09:09:59,542 - root - INFO - Training scores:

2024-01-24 09:09:59,582 - root - INFO -     - Accuracy: 0.579
2024-01-24 09:09:59,770 - root - INFO -     - Precision: 0.569
2024-01-24 09:09:59,955 - root - INFO -     - Recall: 0.669

2024-01-24 09:10:00,037 - root - INFO - Test scores:

2024-01-24 09:10:00,038 - root - INFO -     - Accuracy: 0.580
2024-01-24 09:10:00,038 - root - INFO -     - Precision: 0.569
2024-01-24 09:10:00,039 - root - INFO -     - Recall: 0.672
2024-01-24 09:10:03,865 - root - INFO - Training scores:

2024-01-24 09:10:03,926 - root - INFO -     - Accuracy: 0.749
2024-01-24 09:10:04,126 - root - INFO -     - Precision: 0.723
2024-01-24 09:10:04,305 - root - INFO -     - Recall: 0.814

2024-01-24 09:10:04,392 - root - INFO - Test scores:

2024-01-24 09:10:04,394 - root - INFO -     - Accuracy: 0.669
2024-01-24 09:10:04,394 - root - INFO -     - Precision: 0.651
2024-01-24 09:10:04,394 - root - INFO -     - Recall: 0.736
2024-01-24 09:10:16,213 - root - INFO - Training scores:

2024-01-24 09:10:16,273 - root - INFO -     - Accuracy: 0.686
2024-01-24 09:10:16,494 - root - INFO -     - Precision: 0.625
2024-01-24 09:10:16,714 - root - INFO -     - Recall: 0.944

2024-01-24 09:10:16,794 - root - INFO - Test scores:

2024-01-24 09:10:16,795 - root - INFO -     - Accuracy: 0.647
2024-01-24 09:10:16,795 - root - INFO -     - Precision: 0.598
2024-01-24 09:10:16,796 - root - INFO -     - Recall: 0.909
2024-01-25 06:56:16,337 - root - INFO - Training data shape: (745662, 4)
Validation data shape: (159785, 4)
Test data shape: (159785, 4)
2024-01-25 06:56:16,981 - root - INFO - Training scores:

2024-01-25 06:56:17,022 - root - INFO -     - Accuracy: 0.579
2024-01-25 06:56:17,207 - root - INFO -     - Precision: 0.569
2024-01-25 06:56:17,387 - root - INFO -     - Recall: 0.669

2024-01-25 06:56:17,465 - root - INFO - Test scores:

2024-01-25 06:56:17,465 - root - INFO -     - Accuracy: 0.580
2024-01-25 06:56:17,466 - root - INFO -     - Precision: 0.569
2024-01-25 06:56:17,466 - root - INFO -     - Recall: 0.672
2024-01-25 06:56:21,164 - root - INFO - Training scores:

2024-01-25 06:56:21,224 - root - INFO -     - Accuracy: 0.749
2024-01-25 06:56:21,441 - root - INFO -     - Precision: 0.723
2024-01-25 06:56:21,619 - root - INFO -     - Recall: 0.814

2024-01-25 06:56:21,695 - root - INFO - Test scores:

2024-01-25 06:56:21,695 - root - INFO -     - Accuracy: 0.669
2024-01-25 06:56:21,696 - root - INFO -     - Precision: 0.651
2024-01-25 06:56:21,696 - root - INFO -     - Recall: 0.736
2024-01-25 06:56:31,249 - root - INFO - Training scores:

2024-01-25 06:56:31,309 - root - INFO -     - Accuracy: 0.686
2024-01-25 06:56:31,506 - root - INFO -     - Precision: 0.625
2024-01-25 06:56:31,677 - root - INFO -     - Recall: 0.944

2024-01-25 06:56:31,751 - root - INFO - Test scores:

2024-01-25 06:56:31,751 - root - INFO -     - Accuracy: 0.647
2024-01-25 06:56:31,752 - root - INFO -     - Precision: 0.598
2024-01-25 06:56:31,752 - root - INFO -     - Recall: 0.909
2024-01-26 10:27:40,325 - root - INFO - Training data shape: (745662, 4)
Validation data shape: (159785, 4)
Test data shape: (159785, 4)
2024-01-26 10:27:40,325 - root - INFO - Training data shape: (745662, 4)
Validation data shape: (159785, 4)
Test data shape: (159785, 4)
2024-01-26 10:30:33,202 - root - INFO - Training scores:

2024-01-26 10:30:33,202 - root - INFO - Training scores:

2024-01-26 10:30:33,249 - root - INFO -     - Accuracy: 0.572
2024-01-26 10:30:33,249 - root - INFO -     - Accuracy: 0.572
2024-01-26 10:30:33,473 - root - INFO -     - Precision: 0.569
2024-01-26 10:30:33,473 - root - INFO -     - Precision: 0.569
2024-01-26 10:30:33,682 - root - INFO -     - Recall: 0.609

2024-01-26 10:30:33,682 - root - INFO -     - Recall: 0.609

2024-01-26 10:30:33,778 - root - INFO - Test scores:

2024-01-26 10:30:33,778 - root - INFO - Test scores:

2024-01-26 10:30:33,779 - root - INFO -     - Accuracy: 0.572
2024-01-26 10:30:33,779 - root - INFO -     - Accuracy: 0.572
2024-01-26 10:30:33,781 - root - INFO -     - Precision: 0.571
2024-01-26 10:30:33,781 - root - INFO -     - Precision: 0.571
2024-01-26 10:30:33,781 - root - INFO -     - Recall: 0.611
2024-01-26 10:30:33,781 - root - INFO -     - Recall: 0.611
2024-01-26 10:45:04,945 - root - INFO - Training scores:

2024-01-26 10:45:04,945 - root - INFO - Training scores:

2024-01-26 10:45:05,006 - root - INFO -     - Accuracy: 0.734
2024-01-26 10:45:05,006 - root - INFO -     - Accuracy: 0.734
2024-01-26 10:45:05,186 - root - INFO -     - Precision: 0.708
2024-01-26 10:45:05,186 - root - INFO -     - Precision: 0.708
2024-01-26 10:45:05,358 - root - INFO -     - Recall: 0.801

2024-01-26 10:45:05,358 - root - INFO -     - Recall: 0.801

2024-01-26 10:45:05,434 - root - INFO - Test scores:

2024-01-26 10:45:05,434 - root - INFO - Test scores:

2024-01-26 10:45:05,435 - root - INFO -     - Accuracy: 0.666
2024-01-26 10:45:05,435 - root - INFO -     - Accuracy: 0.666
2024-01-26 10:45:05,436 - root - INFO -     - Precision: 0.649
2024-01-26 10:45:05,436 - root - INFO -     - Precision: 0.649
2024-01-26 10:45:05,437 - root - INFO -     - Recall: 0.735
2024-01-26 10:45:05,437 - root - INFO -     - Recall: 0.735
2024-01-26 10:45:12,974 - root - INFO - Training scores:

2024-01-26 10:45:12,974 - root - INFO - Training scores:

2024-01-26 10:45:13,033 - root - INFO -     - Accuracy: 0.676
2024-01-26 10:45:13,033 - root - INFO -     - Accuracy: 0.676
2024-01-26 10:45:13,252 - root - INFO -     - Precision: 0.615
2024-01-26 10:45:13,252 - root - INFO -     - Precision: 0.615
2024-01-26 10:45:13,444 - root - INFO -     - Recall: 0.950

2024-01-26 10:45:13,444 - root - INFO -     - Recall: 0.950

2024-01-26 10:45:13,528 - root - INFO - Test scores:

2024-01-26 10:45:13,528 - root - INFO - Test scores:

2024-01-26 10:45:13,529 - root - INFO -     - Accuracy: 0.640
2024-01-26 10:45:13,529 - root - INFO -     - Accuracy: 0.640
2024-01-26 10:45:13,530 - root - INFO -     - Precision: 0.592
2024-01-26 10:45:13,530 - root - INFO -     - Precision: 0.592
2024-01-26 10:45:13,531 - root - INFO -     - Recall: 0.917
2024-01-26 10:45:13,531 - root - INFO -     - Recall: 0.917
2024-01-26 11:20:18,523 - root - INFO - Training data shape: (745662, 4)
Validation data shape: (159785, 4)
Test data shape: (159785, 4)
2024-01-26 11:20:19,930 - root - INFO - Training scores:

2024-01-26 11:20:19,974 - root - INFO -     - Accuracy: 0.572
2024-01-26 11:20:20,171 - root - INFO -     - Precision: 0.569
2024-01-26 11:20:20,377 - root - INFO -     - Recall: 0.609

2024-01-26 11:20:20,467 - root - INFO - Test scores:

2024-01-26 11:20:20,467 - root - INFO -     - Accuracy: 0.572
2024-01-26 11:20:20,468 - root - INFO -     - Precision: 0.571
2024-01-26 11:20:20,468 - root - INFO -     - Recall: 0.611
2024-01-26 11:20:23,738 - root - INFO - Training scores:

2024-01-26 11:20:23,800 - root - INFO -     - Accuracy: 0.734
2024-01-26 11:20:23,998 - root - INFO -     - Precision: 0.708
2024-01-26 11:20:24,206 - root - INFO -     - Recall: 0.801

2024-01-26 11:20:24,292 - root - INFO - Test scores:

2024-01-26 11:20:24,292 - root - INFO -     - Accuracy: 0.666
2024-01-26 11:20:24,293 - root - INFO -     - Precision: 0.649
2024-01-26 11:20:24,293 - root - INFO -     - Recall: 0.735
2024-01-26 11:20:34,744 - root - INFO - Training scores:

2024-01-26 11:20:34,805 - root - INFO -     - Accuracy: 0.676
2024-01-26 11:20:35,007 - root - INFO -     - Precision: 0.615
2024-01-26 11:20:35,192 - root - INFO -     - Recall: 0.950

2024-01-26 11:20:35,280 - root - INFO - Test scores:

2024-01-26 11:20:35,281 - root - INFO -     - Accuracy: 0.640
2024-01-26 11:20:35,282 - root - INFO -     - Precision: 0.592
2024-01-26 11:20:35,282 - root - INFO -     - Recall: 0.917
2024-01-26 13:17:45,127 - root - INFO - Training scores:

2024-01-26 13:17:45,204 - root - INFO -     - Accuracy: 1.000
2024-01-26 13:19:51,305 - root - INFO - Training scores:

2024-01-26 13:19:51,382 - root - INFO -     - Accuracy: 1.000
2024-01-26 13:24:18,435 - root - INFO - Training scores:

2024-01-26 13:24:18,510 - root - INFO -     - Accuracy: 1.000
2024-01-26 13:31:35,453 - root - INFO - Training scores:

2024-01-26 13:31:35,529 - root - INFO -     - Accuracy: 1.000
2024-01-26 13:37:32,100 - root - INFO - Training scores:

2024-01-26 13:37:32,176 - root - INFO -     - Accuracy: 1.000
2024-01-26 13:39:28,688 - root - INFO - Training scores:

2024-01-26 13:39:28,764 - root - INFO -     - Accuracy: 1.000
2024-01-26 13:40:26,274 - root - INFO - Training scores:

2024-01-26 13:40:26,351 - root - INFO -     - Accuracy: 1.000
2024-01-26 13:40:26,769 - root - INFO -     - Precision: 1.000
2024-01-26 13:40:27,164 - root - INFO -     - Recall: 1.000

2024-01-26 13:40:27,342 - root - INFO - Test scores:

2024-01-26 13:40:27,342 - root - INFO -     - Accuracy: 0.944
2024-01-26 13:40:27,343 - root - INFO -     - Precision: 0.944
2024-01-26 13:40:27,343 - root - INFO -     - Recall: 0.944
2024-01-27 22:26:18,514 - root - INFO - Training scores:

2024-01-27 22:26:18,611 - root - INFO -     - Accuracy: 0.732
2024-01-27 22:26:19,215 - root - INFO -     - Precision: 0.735
2024-01-27 22:26:19,792 - root - INFO -     - Recall: 0.732

2024-01-27 22:26:20,052 - root - INFO - Test scores:

2024-01-27 22:26:20,053 - root - INFO -     - Accuracy: 0.701
2024-01-27 22:26:20,053 - root - INFO -     - Precision: 0.702
2024-01-27 22:26:20,054 - root - INFO -     - Recall: 0.701
2024-01-28 11:14:18,543 - root - INFO - Training scores:

2024-01-28 11:14:18,647 - root - INFO -     - Accuracy: 0.732
2024-01-28 11:14:19,168 - root - INFO -     - Precision: 0.735
2024-01-28 11:14:19,692 - root - INFO -     - Recall: 0.732

2024-01-28 11:14:19,911 - root - INFO - Test scores:

2024-01-28 11:14:19,912 - root - INFO -     - Accuracy: 0.701
2024-01-28 11:14:19,912 - root - INFO -     - Precision: 0.702
2024-01-28 11:14:19,913 - root - INFO -     - Recall: 0.701
2024-01-29 10:37:21,760 - root - INFO - Training data shape: (745662, 4)
Validation data shape: (159785, 4)
Test data shape: (159785, 4)
2024-01-29 10:42:20,658 - root - INFO - Training scores:

2024-01-29 10:42:20,700 - root - INFO -     - Accuracy: 0.562
2024-01-29 10:42:20,904 - root - INFO -     - Precision: 0.563
2024-01-29 10:42:21,103 - root - INFO -     - Recall: 0.562

2024-01-29 10:42:21,197 - root - INFO - Test scores:

2024-01-29 10:42:21,197 - root - INFO -     - Accuracy: 0.563
2024-01-29 10:42:21,198 - root - INFO -     - Precision: 0.563
2024-01-29 10:42:21,198 - root - INFO -     - Recall: 0.563
2024-01-29 11:05:03,273 - root - INFO - Training scores:

2024-01-29 11:05:03,335 - root - INFO -     - Accuracy: 0.725
2024-01-29 11:05:03,553 - root - INFO -     - Precision: 0.729
2024-01-29 11:05:03,751 - root - INFO -     - Recall: 0.725

2024-01-29 11:05:03,844 - root - INFO - Test scores:

2024-01-29 11:05:03,845 - root - INFO -     - Accuracy: 0.675
2024-01-29 11:05:03,845 - root - INFO -     - Precision: 0.678
2024-01-29 11:05:03,846 - root - INFO -     - Recall: 0.675
2024-01-29 11:05:11,577 - root - INFO - Training scores:

2024-01-29 11:05:11,637 - root - INFO -     - Accuracy: 0.670
2024-01-29 11:05:11,835 - root - INFO -     - Precision: 0.738
2024-01-29 11:05:12,023 - root - INFO -     - Recall: 0.670

2024-01-29 11:05:12,104 - root - INFO - Test scores:

2024-01-29 11:05:12,104 - root - INFO -     - Accuracy: 0.648
2024-01-29 11:05:12,105 - root - INFO -     - Precision: 0.709
2024-01-29 11:05:12,105 - root - INFO -     - Recall: 0.648
2024-01-29 11:28:51,535 - root - INFO - Training data shape: (745662, 4)
Validation data shape: (159785, 4)
Test data shape: (159785, 4)
2024-01-29 11:28:52,171 - root - INFO - Training scores:

2024-01-29 11:28:52,212 - root - INFO -     - Accuracy: 0.562
2024-01-29 11:28:52,398 - root - INFO -     - Precision: 0.563
2024-01-29 11:28:52,583 - root - INFO -     - Recall: 0.562

2024-01-29 11:28:52,664 - root - INFO - Test scores:

2024-01-29 11:28:52,664 - root - INFO -     - Accuracy: 0.563
2024-01-29 11:28:52,665 - root - INFO -     - Precision: 0.563
2024-01-29 11:28:52,665 - root - INFO -     - Recall: 0.563
2024-01-29 11:28:55,157 - root - INFO - Training scores:

2024-01-29 11:28:55,214 - root - INFO -     - Accuracy: 0.725
2024-01-29 11:28:55,391 - root - INFO -     - Precision: 0.729
2024-01-29 11:28:55,566 - root - INFO -     - Recall: 0.725

2024-01-29 11:28:55,644 - root - INFO - Test scores:

2024-01-29 11:28:55,645 - root - INFO -     - Accuracy: 0.675
2024-01-29 11:28:55,645 - root - INFO -     - Precision: 0.678
2024-01-29 11:28:55,646 - root - INFO -     - Recall: 0.675
2024-01-29 11:29:02,605 - root - INFO - Training scores:

2024-01-29 11:29:02,662 - root - INFO -     - Accuracy: 0.670
2024-01-29 11:29:02,851 - root - INFO -     - Precision: 0.738
2024-01-29 11:29:03,034 - root - INFO -     - Recall: 0.670

2024-01-29 11:29:03,114 - root - INFO - Test scores:

2024-01-29 11:29:03,115 - root - INFO -     - Accuracy: 0.648
2024-01-29 11:29:03,115 - root - INFO -     - Precision: 0.709
2024-01-29 11:29:03,116 - root - INFO -     - Recall: 0.648
2024-01-30 08:20:59,245 - root - INFO - Training data shape: (745662, 4)
Validation data shape: (159785, 4)
Test data shape: (159785, 4)
2024-01-30 08:20:59,920 - root - INFO - Training scores:

2024-01-30 08:20:59,965 - root - INFO -     - Accuracy: 0.562
2024-01-30 08:21:00,157 - root - INFO -     - Precision: 0.563
2024-01-30 08:21:00,347 - root - INFO -     - Recall: 0.562

2024-01-30 08:21:00,429 - root - INFO - Test scores:

2024-01-30 08:21:00,430 - root - INFO -     - Accuracy: 0.563
2024-01-30 08:21:00,430 - root - INFO -     - Precision: 0.563
2024-01-30 08:21:00,430 - root - INFO -     - Recall: 0.563
2024-01-30 08:21:03,166 - root - INFO - Training scores:

2024-01-30 08:21:03,223 - root - INFO -     - Accuracy: 0.725
2024-01-30 08:21:03,415 - root - INFO -     - Precision: 0.729
2024-01-30 08:21:03,596 - root - INFO -     - Recall: 0.725

2024-01-30 08:21:03,679 - root - INFO - Test scores:

2024-01-30 08:21:03,679 - root - INFO -     - Accuracy: 0.675
2024-01-30 08:21:03,680 - root - INFO -     - Precision: 0.678
2024-01-30 08:21:03,680 - root - INFO -     - Recall: 0.675
2024-01-30 08:21:10,836 - root - INFO - Training scores:

2024-01-30 08:21:10,897 - root - INFO -     - Accuracy: 0.670
2024-01-30 08:21:11,085 - root - INFO -     - Precision: 0.738
2024-01-30 08:21:11,257 - root - INFO -     - Recall: 0.670

2024-01-30 08:21:11,336 - root - INFO - Test scores:

2024-01-30 08:21:11,337 - root - INFO -     - Accuracy: 0.648
2024-01-30 08:21:11,337 - root - INFO -     - Precision: 0.709
2024-01-30 08:21:11,338 - root - INFO -     - Recall: 0.648
2024-01-30 12:35:57,333 - root - INFO - Training data shape: (745662, 4)
Validation data shape: (159785, 4)
Test data shape: (159785, 4)
2024-01-30 12:35:58,134 - root - INFO - Training scores:

2024-01-30 12:35:58,178 - root - INFO -     - Accuracy: 0.562
2024-01-30 12:35:58,378 - root - INFO -     - Precision: 0.563
2024-01-30 12:35:58,578 - root - INFO -     - Recall: 0.562

2024-01-30 12:35:58,674 - root - INFO - Test scores:

2024-01-30 12:35:58,674 - root - INFO -     - Accuracy: 0.563
2024-01-30 12:35:58,675 - root - INFO -     - Precision: 0.563
2024-01-30 12:35:58,675 - root - INFO -     - Recall: 0.563
2024-01-30 12:36:01,744 - root - INFO - Training scores:

2024-01-30 12:36:01,804 - root - INFO -     - Accuracy: 0.725
2024-01-30 12:36:02,000 - root - INFO -     - Precision: 0.729
2024-01-30 12:36:02,185 - root - INFO -     - Recall: 0.725

2024-01-30 12:36:02,271 - root - INFO - Test scores:

2024-01-30 12:36:02,272 - root - INFO -     - Accuracy: 0.675
2024-01-30 12:36:02,272 - root - INFO -     - Precision: 0.678
2024-01-30 12:36:02,273 - root - INFO -     - Recall: 0.675
2024-01-30 12:36:10,518 - root - INFO - Training scores:

2024-01-30 12:36:10,576 - root - INFO -     - Accuracy: 0.670
2024-01-30 12:36:10,772 - root - INFO -     - Precision: 0.738
2024-01-30 12:36:10,965 - root - INFO -     - Recall: 0.670

2024-01-30 12:36:11,048 - root - INFO - Test scores:

2024-01-30 12:36:11,048 - root - INFO -     - Accuracy: 0.648
2024-01-30 12:36:11,049 - root - INFO -     - Precision: 0.709
2024-01-30 12:36:11,049 - root - INFO -     - Recall: 0.648
2024-01-30 12:38:23,573 - root - INFO - Training data shape: (745662, 4)
Validation data shape: (159785, 4)
Test data shape: (159785, 4)
2024-01-30 12:41:45,567 - root - INFO - Training data shape: (745662, 4)
Validation data shape: (159785, 4)
Test data shape: (159785, 4)
2024-01-30 12:45:32,390 - root - INFO - Training scores:

2024-01-30 12:45:32,434 - root - INFO -     - Accuracy: 0.580
2024-01-30 12:45:32,624 - root - INFO -     - Precision: 0.592
2024-01-30 12:45:32,825 - root - INFO -     - Recall: 0.580

2024-01-30 12:45:32,913 - root - INFO - Test scores:

2024-01-30 12:45:32,913 - root - INFO -     - Accuracy: 0.579
2024-01-30 12:45:32,914 - root - INFO -     - Precision: 0.590
2024-01-30 12:45:32,914 - root - INFO -     - Recall: 0.579
2024-01-30 12:48:02,641 - root - INFO - Training scores:

2024-01-30 12:48:02,726 - root - INFO -     - Accuracy: 0.744
2024-01-30 12:48:03,078 - root - INFO -     - Precision: 0.747
2024-01-30 12:48:03,437 - root - INFO -     - Recall: 0.744

2024-01-30 12:48:03,602 - root - INFO - Test scores:

2024-01-30 12:48:03,605 - root - INFO -     - Accuracy: 0.667
2024-01-30 12:48:03,605 - root - INFO -     - Precision: 0.669
2024-01-30 12:48:03,606 - root - INFO -     - Recall: 0.667
2024-01-30 12:48:16,783 - root - INFO - Training scores:

2024-01-30 12:48:16,844 - root - INFO -     - Accuracy: 0.692
2024-01-30 12:48:17,074 - root - INFO -     - Precision: 0.750
2024-01-30 12:48:17,299 - root - INFO -     - Recall: 0.692

2024-01-30 12:48:17,412 - root - INFO - Test scores:

2024-01-30 12:48:17,412 - root - INFO -     - Accuracy: 0.649
2024-01-30 12:48:17,413 - root - INFO -     - Precision: 0.696
2024-01-30 12:48:17,414 - root - INFO -     - Recall: 0.649
2024-01-30 14:42:57,262 - root - INFO - Training data shape: (745662, 4)
Validation data shape: (159785, 4)
Test data shape: (159785, 4)
2024-01-30 14:42:57,965 - root - INFO - Training scores:

2024-01-30 14:42:58,010 - root - INFO -     - Accuracy: 0.580
2024-01-30 14:42:58,199 - root - INFO -     - Precision: 0.592
2024-01-30 14:42:58,391 - root - INFO -     - Recall: 0.580

2024-01-30 14:42:58,475 - root - INFO - Test scores:

2024-01-30 14:42:58,475 - root - INFO -     - Accuracy: 0.579
2024-01-30 14:42:58,476 - root - INFO -     - Precision: 0.590
2024-01-30 14:42:58,476 - root - INFO -     - Recall: 0.579
2024-01-30 14:43:02,674 - root - INFO - Training scores:

2024-01-30 14:43:02,731 - root - INFO -     - Accuracy: 0.744
2024-01-30 14:43:02,940 - root - INFO -     - Precision: 0.747
2024-01-30 14:43:03,139 - root - INFO -     - Recall: 0.744

2024-01-30 14:43:03,222 - root - INFO - Test scores:

2024-01-30 14:43:03,223 - root - INFO -     - Accuracy: 0.667
2024-01-30 14:43:03,223 - root - INFO -     - Precision: 0.669
2024-01-30 14:43:03,224 - root - INFO -     - Recall: 0.667
2024-01-30 14:43:12,161 - root - INFO - Training scores:

2024-01-30 14:43:12,217 - root - INFO -     - Accuracy: 0.692
2024-01-30 14:43:12,410 - root - INFO -     - Precision: 0.750
2024-01-30 14:43:12,582 - root - INFO -     - Recall: 0.692

2024-01-30 14:43:12,659 - root - INFO - Test scores:

2024-01-30 14:43:12,660 - root - INFO -     - Accuracy: 0.649
2024-01-30 14:43:12,660 - root - INFO -     - Precision: 0.696
2024-01-30 14:43:12,661 - root - INFO -     - Recall: 0.649
2024-01-31 08:44:53,680 - root - INFO - Training scores:

2024-01-31 08:44:53,756 - root - INFO -     - Accuracy: 0.844
2024-01-31 08:44:54,202 - root - INFO -     - Precision: 0.845
2024-01-31 08:44:54,651 - root - INFO -     - Recall: 0.844

2024-01-31 08:44:54,961 - root - INFO - Test scores:

2024-01-31 08:44:54,962 - root - INFO -     - Accuracy: 0.747
2024-01-31 08:44:54,962 - root - INFO -     - Precision: 0.747
2024-01-31 08:44:54,963 - root - INFO -     - Recall: 0.747
2024-01-31 16:05:40,091 - root - INFO - Training scores:

2024-01-31 16:05:40,091 - root - INFO - Training scores:

2024-01-31 16:05:40,170 - root - INFO -     - Accuracy: 0.844
2024-01-31 16:05:40,170 - root - INFO -     - Accuracy: 0.844
2024-01-31 16:05:40,645 - root - INFO -     - Precision: 0.845
2024-01-31 16:05:40,645 - root - INFO -     - Precision: 0.845
2024-01-31 16:05:41,106 - root - INFO -     - Recall: 0.844

2024-01-31 16:05:41,106 - root - INFO -     - Recall: 0.844

2024-01-31 16:05:41,411 - root - INFO - Test scores:

2024-01-31 16:05:41,411 - root - INFO - Test scores:

2024-01-31 16:05:41,412 - root - INFO -     - Accuracy: 0.747
2024-01-31 16:05:41,412 - root - INFO -     - Accuracy: 0.747
2024-01-31 16:05:41,413 - root - INFO -     - Precision: 0.747
2024-01-31 16:05:41,413 - root - INFO -     - Precision: 0.747
2024-01-31 16:05:41,414 - root - INFO -     - Recall: 0.747
2024-01-31 16:05:41,414 - root - INFO -     - Recall: 0.747
2024-02-01 07:12:25,743 - root - INFO - Training scores:

2024-02-01 07:12:25,818 - root - INFO -     - Accuracy: 0.844
2024-02-01 07:12:26,277 - root - INFO -     - Precision: 0.845
2024-02-01 07:12:26,738 - root - INFO -     - Recall: 0.844

2024-02-01 07:12:27,039 - root - INFO - Test scores:

2024-02-01 07:12:27,040 - root - INFO -     - Accuracy: 0.747
2024-02-01 07:12:27,040 - root - INFO -     - Precision: 0.747
2024-02-01 07:12:27,041 - root - INFO -     - Recall: 0.747
2024-02-01 07:16:42,100 - root - INFO - Training scores:

2024-02-01 07:44:02,251 - root - INFO - Training scores:

2024-02-01 07:44:02,252 - root - INFO -     - Mean Absolute Percentage Error: 0.040
2024-02-01 07:44:02,252 - root - INFO -     - Explained Variance: 0.980
2024-02-01 07:44:02,253 - root - INFO -     - R2 Score: 0.980

2024-02-01 07:44:02,341 - root - INFO - Test scores:

2024-02-01 07:44:22,466 - root - INFO - Training scores:

2024-02-01 07:44:22,466 - root - INFO -     - Mean Absolute Percentage Error: 0.040
2024-02-01 07:44:22,467 - root - INFO -     - Explained Variance: 0.980
2024-02-01 07:44:22,468 - root - INFO -     - R2 Score: 0.980

2024-02-01 07:44:22,543 - root - INFO - Test scores:

2024-02-01 07:44:22,545 - root - INFO -     - Mean Absolute Percentage Error: 0.040
2024-02-01 07:44:22,545 - root - INFO -     - Explained Variance: 0.980
2024-02-01 07:44:22,546 - root - INFO -     - R2 Score: 0.980

2024-02-01 09:42:29,649 - root - INFO - Training data shape: (745662, 4)
Validation data shape: (159785, 4)
Test data shape: (159785, 4)
2024-02-01 09:42:30,462 - root - INFO - Training scores:

2024-02-01 09:42:30,507 - root - INFO -     - Accuracy: 0.580
2024-02-01 09:42:30,700 - root - INFO -     - Precision: 0.592
2024-02-01 09:42:30,904 - root - INFO -     - Recall: 0.580

2024-02-01 09:42:31,002 - root - INFO - Test scores:

2024-02-01 09:42:31,002 - root - INFO -     - Accuracy: 0.579
2024-02-01 09:42:31,003 - root - INFO -     - Precision: 0.590
2024-02-01 09:42:31,003 - root - INFO -     - Recall: 0.579
2024-02-01 09:42:35,024 - root - INFO - Training scores:

2024-02-01 09:42:35,081 - root - INFO -     - Accuracy: 0.744
2024-02-01 09:42:35,271 - root - INFO -     - Precision: 0.747
2024-02-01 09:42:35,464 - root - INFO -     - Recall: 0.744

2024-02-01 09:42:35,542 - root - INFO - Test scores:

2024-02-01 09:42:35,542 - root - INFO -     - Accuracy: 0.667
2024-02-01 09:42:35,543 - root - INFO -     - Precision: 0.669
2024-02-01 09:42:35,543 - root - INFO -     - Recall: 0.667
2024-02-01 09:42:45,166 - root - INFO - Training scores:

2024-02-01 09:42:45,226 - root - INFO -     - Accuracy: 0.692
2024-02-01 09:42:45,419 - root - INFO -     - Precision: 0.750
2024-02-01 09:42:45,597 - root - INFO -     - Recall: 0.692

2024-02-01 09:42:45,697 - root - INFO - Test scores:

2024-02-01 09:42:45,697 - root - INFO -     - Accuracy: 0.649
2024-02-01 09:42:45,698 - root - INFO -     - Precision: 0.696
2024-02-01 09:42:45,698 - root - INFO -     - Recall: 0.649
2024-02-01 11:12:37,198 - root - INFO - Training data shape: (745662, 4)
Validation data shape: (159785, 4)
Test data shape: (159785, 4)
2024-02-01 11:12:37,198 - root - INFO - Training data shape: (745662, 4)
Validation data shape: (159785, 4)
Test data shape: (159785, 4)
2024-02-01 11:12:37,198 - root - INFO - Training data shape: (745662, 4)
Validation data shape: (159785, 4)
Test data shape: (159785, 4)
2024-02-01 11:12:37,917 - root - INFO - Training scores:

2024-02-01 11:12:37,917 - root - INFO - Training scores:

2024-02-01 11:12:37,917 - root - INFO - Training scores:

2024-02-01 11:12:37,960 - root - INFO -     - Accuracy: 0.580
2024-02-01 11:12:37,960 - root - INFO -     - Accuracy: 0.580
2024-02-01 11:12:37,960 - root - INFO -     - Accuracy: 0.580
2024-02-01 11:12:38,152 - root - INFO -     - Precision: 0.592
2024-02-01 11:12:38,152 - root - INFO -     - Precision: 0.592
2024-02-01 11:12:38,152 - root - INFO -     - Precision: 0.592
2024-02-01 11:12:38,343 - root - INFO -     - Recall: 0.580

2024-02-01 11:12:38,343 - root - INFO -     - Recall: 0.580

2024-02-01 11:12:38,343 - root - INFO -     - Recall: 0.580

2024-02-01 11:12:38,427 - root - INFO - Test scores:

2024-02-01 11:12:38,427 - root - INFO - Test scores:

2024-02-01 11:12:38,427 - root - INFO - Test scores:

2024-02-01 11:12:38,429 - root - INFO -     - Accuracy: 0.579
2024-02-01 11:12:38,429 - root - INFO -     - Accuracy: 0.579
2024-02-01 11:12:38,429 - root - INFO -     - Accuracy: 0.579
2024-02-01 11:12:38,429 - root - INFO -     - Precision: 0.590
2024-02-01 11:12:38,429 - root - INFO -     - Precision: 0.590
2024-02-01 11:12:38,429 - root - INFO -     - Precision: 0.590
2024-02-01 11:12:38,430 - root - INFO -     - Recall: 0.579
2024-02-01 11:12:38,430 - root - INFO -     - Recall: 0.579
2024-02-01 11:12:38,430 - root - INFO -     - Recall: 0.579
2024-02-01 11:12:42,646 - root - INFO - Training scores:

2024-02-01 11:12:42,646 - root - INFO - Training scores:

2024-02-01 11:12:42,646 - root - INFO - Training scores:

2024-02-01 11:12:42,703 - root - INFO -     - Accuracy: 0.744
2024-02-01 11:12:42,703 - root - INFO -     - Accuracy: 0.744
2024-02-01 11:12:42,703 - root - INFO -     - Accuracy: 0.744
2024-02-01 11:12:42,894 - root - INFO -     - Precision: 0.747
2024-02-01 11:12:42,894 - root - INFO -     - Precision: 0.747
2024-02-01 11:12:42,894 - root - INFO -     - Precision: 0.747
2024-02-01 11:12:43,071 - root - INFO -     - Recall: 0.744

2024-02-01 11:12:43,071 - root - INFO -     - Recall: 0.744

2024-02-01 11:12:43,071 - root - INFO -     - Recall: 0.744

2024-02-01 11:12:43,157 - root - INFO - Test scores:

2024-02-01 11:12:43,157 - root - INFO - Test scores:

2024-02-01 11:12:43,157 - root - INFO - Test scores:

2024-02-01 11:12:43,158 - root - INFO -     - Accuracy: 0.667
2024-02-01 11:12:43,158 - root - INFO -     - Accuracy: 0.667
2024-02-01 11:12:43,158 - root - INFO -     - Accuracy: 0.667
2024-02-01 11:12:43,160 - root - INFO -     - Precision: 0.669
2024-02-01 11:12:43,160 - root - INFO -     - Precision: 0.669
2024-02-01 11:12:43,160 - root - INFO -     - Precision: 0.669
2024-02-01 11:12:43,160 - root - INFO -     - Recall: 0.667
2024-02-01 11:12:43,160 - root - INFO -     - Recall: 0.667
2024-02-01 11:12:43,160 - root - INFO -     - Recall: 0.667
2024-02-01 11:12:52,567 - root - INFO - Training scores:

2024-02-01 11:12:52,567 - root - INFO - Training scores:

2024-02-01 11:12:52,567 - root - INFO - Training scores:

2024-02-01 11:12:52,627 - root - INFO -     - Accuracy: 0.692
2024-02-01 11:12:52,627 - root - INFO -     - Accuracy: 0.692
2024-02-01 11:12:52,627 - root - INFO -     - Accuracy: 0.692
2024-02-01 11:12:52,823 - root - INFO -     - Precision: 0.750
2024-02-01 11:12:52,823 - root - INFO -     - Precision: 0.750
2024-02-01 11:12:52,823 - root - INFO -     - Precision: 0.750
2024-02-01 11:12:53,011 - root - INFO -     - Recall: 0.692

2024-02-01 11:12:53,011 - root - INFO -     - Recall: 0.692

2024-02-01 11:12:53,011 - root - INFO -     - Recall: 0.692

2024-02-01 11:12:53,098 - root - INFO - Test scores:

2024-02-01 11:12:53,098 - root - INFO - Test scores:

2024-02-01 11:12:53,098 - root - INFO - Test scores:

2024-02-01 11:12:53,099 - root - INFO -     - Accuracy: 0.649
2024-02-01 11:12:53,099 - root - INFO -     - Accuracy: 0.649
2024-02-01 11:12:53,099 - root - INFO -     - Accuracy: 0.649
2024-02-01 11:12:53,100 - root - INFO -     - Precision: 0.696
2024-02-01 11:12:53,100 - root - INFO -     - Precision: 0.696
2024-02-01 11:12:53,100 - root - INFO -     - Precision: 0.696
2024-02-01 11:12:53,101 - root - INFO -     - Recall: 0.649
2024-02-01 11:12:53,101 - root - INFO -     - Recall: 0.649
2024-02-01 11:12:53,101 - root - INFO -     - Recall: 0.649
2024-02-01 11:36:31,142 - root - INFO - Training data shape: (745662, 4)
Validation data shape: (159785, 4)
Test data shape: (159785, 4)
2024-02-01 11:36:58,741 - root - INFO - 
Training data shape: (745662, 4)
Validation data shape: (159785, 4)
Test data shape: (159785, 4)
2024-02-01 11:41:09,403 - root - INFO - Training scores:

2024-02-01 11:41:09,446 - root - INFO -     - Accuracy: 0.580
2024-02-01 11:41:09,654 - root - INFO -     - Precision: 0.592
2024-02-01 11:41:09,868 - root - INFO -     - Recall: 0.580

2024-02-01 11:41:09,959 - root - INFO - Test scores:

2024-02-01 11:41:09,959 - root - INFO -     - Accuracy: 0.579
2024-02-01 11:41:09,960 - root - INFO -     - Precision: 0.590
2024-02-01 11:41:09,960 - root - INFO -     - Recall: 0.579
2024-02-01 11:43:45,763 - root - INFO - Training scores:

2024-02-01 11:43:45,821 - root - INFO -     - Accuracy: 0.744
2024-02-01 11:43:46,021 - root - INFO -     - Precision: 0.747
2024-02-01 11:43:46,198 - root - INFO -     - Recall: 0.744

2024-02-01 11:43:46,280 - root - INFO - Test scores:

2024-02-01 11:43:46,281 - root - INFO -     - Accuracy: 0.667
2024-02-01 11:43:46,281 - root - INFO -     - Precision: 0.669
2024-02-01 11:43:46,281 - root - INFO -     - Recall: 0.667
2024-02-01 11:54:10,101 - root - INFO - Training scores:

2024-02-01 11:54:10,158 - root - INFO -     - Accuracy: 0.692
2024-02-01 11:54:10,339 - root - INFO -     - Precision: 0.750
2024-02-01 11:54:10,509 - root - INFO -     - Recall: 0.692

2024-02-01 11:54:10,585 - root - INFO - Test scores:

2024-02-01 11:54:10,586 - root - INFO -     - Accuracy: 0.649
2024-02-01 11:54:10,586 - root - INFO -     - Precision: 0.696
2024-02-01 11:54:10,587 - root - INFO -     - Recall: 0.649
2024-02-01 12:01:27,953 - root - INFO - Training scores:

2024-02-01 12:01:28,013 - root - INFO -     - Accuracy: 0.677
2024-02-01 12:01:28,200 - root - INFO -     - Precision: 0.750
2024-02-01 12:01:28,406 - root - INFO -     - Recall: 0.677

2024-02-01 12:01:28,483 - root - INFO - Test scores:

2024-02-01 12:01:28,484 - root - INFO -     - Accuracy: 0.642
2024-02-01 12:01:28,484 - root - INFO -     - Precision: 0.703
2024-02-01 12:01:28,485 - root - INFO -     - Recall: 0.642
2024-02-01 12:41:16,123 - root - INFO - Training scores:

2024-02-01 12:41:16,203 - root - INFO -     - Accuracy: 1.000
2024-02-01 12:41:16,618 - root - INFO -     - Precision: 1.000
2024-02-01 12:41:17,012 - root - INFO -     - Recall: 1.000

2024-02-01 12:41:17,204 - root - INFO - Test scores:

2024-02-01 12:41:17,204 - root - INFO -     - Accuracy: 0.944
2024-02-01 12:41:17,205 - root - INFO -     - Precision: 0.944
2024-02-01 12:41:17,205 - root - INFO -     - Recall: 0.944
2024-02-02 07:43:19,364 - root - INFO - Training scores:

2024-02-02 07:43:19,439 - root - INFO -     - Accuracy: 0.488
2024-02-02 07:43:19,854 - root - INFO -     - Precision: 0.488
2024-02-02 07:43:20,239 - root - INFO -     - Recall: 0.488

2024-02-02 07:43:20,481 - root - INFO - Test scores:

2024-02-02 07:43:20,483 - root - INFO -     - Accuracy: 0.450
2024-02-02 07:43:20,485 - root - INFO -     - Precision: 0.443
2024-02-02 07:43:20,486 - root - INFO -     - Recall: 0.450
2024-02-02 08:16:59,264 - root - INFO - Training scores:

2024-02-02 08:16:59,332 - root - INFO -     - Accuracy: 0.488
2024-02-02 08:16:59,670 - root - INFO -     - Precision: 0.488
2024-02-02 08:17:00,022 - root - INFO -     - Recall: 0.488

2024-02-02 08:17:00,231 - root - INFO - Test scores:

2024-02-02 08:17:00,232 - root - INFO -     - Accuracy: 0.450
2024-02-02 08:17:00,232 - root - INFO -     - Precision: 0.443
2024-02-02 08:17:00,233 - root - INFO -     - Recall: 0.450
2024-02-02 08:19:24,411 - root - INFO - Training scores:

2024-02-02 08:19:24,481 - root - INFO -     - Accuracy: 0.488
2024-02-02 08:19:24,854 - root - INFO -     - Precision: 0.488
2024-02-02 08:19:25,217 - root - INFO -     - Recall: 0.488

2024-02-02 08:19:25,409 - root - INFO - Test scores:

2024-02-02 08:19:25,410 - root - INFO -     - Accuracy: 0.449
2024-02-02 08:19:25,410 - root - INFO -     - Precision: 0.442
2024-02-02 08:19:25,411 - root - INFO -     - Recall: 0.449
2024-02-02 08:36:08,112 - root - INFO - Training scores:

2024-02-02 08:36:08,180 - root - INFO -     - Accuracy: 0.488
2024-02-02 08:36:08,533 - root - INFO -     - Precision: 0.488
2024-02-02 08:36:08,897 - root - INFO -     - Recall: 0.488

2024-02-02 08:36:09,072 - root - INFO - Test scores:

2024-02-02 08:36:09,072 - root - INFO -     - Accuracy: 0.449
2024-02-02 08:36:09,073 - root - INFO -     - Precision: 0.442
2024-02-02 08:36:09,073 - root - INFO -     - Recall: 0.449
2024-02-02 09:15:15,993 - root - INFO - Training scores:

2024-02-02 09:15:15,993 - root - INFO - Training scores:

2024-02-02 09:15:15,993 - root - INFO - Training scores:

2024-02-02 09:15:16,072 - root - INFO -     - Accuracy: 0.480
2024-02-02 09:15:16,072 - root - INFO -     - Accuracy: 0.480
2024-02-02 09:15:16,072 - root - INFO -     - Accuracy: 0.480
2024-02-02 09:15:16,511 - root - INFO -     - Precision: 0.479
2024-02-02 09:15:16,511 - root - INFO -     - Precision: 0.479
2024-02-02 09:15:16,511 - root - INFO -     - Precision: 0.479
2024-02-02 09:15:16,948 - root - INFO -     - Recall: 0.480

2024-02-02 09:15:16,948 - root - INFO -     - Recall: 0.480

2024-02-02 09:15:16,948 - root - INFO -     - Recall: 0.480

2024-02-02 09:15:17,218 - root - INFO - Test scores:

2024-02-02 09:15:17,218 - root - INFO - Test scores:

2024-02-02 09:15:17,218 - root - INFO - Test scores:

2024-02-02 09:15:17,221 - root - INFO -     - Accuracy: 0.481
2024-02-02 09:15:17,221 - root - INFO -     - Accuracy: 0.481
2024-02-02 09:15:17,221 - root - INFO -     - Accuracy: 0.481
2024-02-02 09:15:17,223 - root - INFO -     - Precision: 0.480
2024-02-02 09:15:17,223 - root - INFO -     - Precision: 0.480
2024-02-02 09:15:17,223 - root - INFO -     - Precision: 0.480
2024-02-02 09:15:17,227 - root - INFO -     - Recall: 0.481
2024-02-02 09:15:17,227 - root - INFO -     - Recall: 0.481
2024-02-02 09:15:17,227 - root - INFO -     - Recall: 0.481
2024-02-02 09:17:34,003 - root - INFO - Training scores:

2024-02-02 09:17:34,003 - root - INFO - Training scores:

2024-02-02 09:17:34,003 - root - INFO - Training scores:

2024-02-02 09:17:34,120 - root - INFO -     - Accuracy: 0.480
2024-02-02 09:17:34,120 - root - INFO -     - Accuracy: 0.480
2024-02-02 09:17:34,120 - root - INFO -     - Accuracy: 0.480
2024-02-02 09:17:34,601 - root - INFO -     - Precision: 0.479
2024-02-02 09:17:34,601 - root - INFO -     - Precision: 0.479
2024-02-02 09:17:34,601 - root - INFO -     - Precision: 0.479
2024-02-02 09:17:35,152 - root - INFO -     - Recall: 0.480

2024-02-02 09:17:35,152 - root - INFO -     - Recall: 0.480

2024-02-02 09:17:35,152 - root - INFO -     - Recall: 0.480

2024-02-02 09:17:35,419 - root - INFO - Test scores:

2024-02-02 09:17:35,419 - root - INFO - Test scores:

2024-02-02 09:17:35,419 - root - INFO - Test scores:

2024-02-02 09:17:35,421 - root - INFO -     - Accuracy: 0.481
2024-02-02 09:17:35,421 - root - INFO -     - Accuracy: 0.481
2024-02-02 09:17:35,421 - root - INFO -     - Accuracy: 0.481
2024-02-02 09:17:35,422 - root - INFO -     - Precision: 0.480
2024-02-02 09:17:35,422 - root - INFO -     - Precision: 0.480
2024-02-02 09:17:35,422 - root - INFO -     - Precision: 0.480
2024-02-02 09:17:35,424 - root - INFO -     - Recall: 0.481
2024-02-02 09:17:35,424 - root - INFO -     - Recall: 0.481
2024-02-02 09:17:35,424 - root - INFO -     - Recall: 0.481
2024-02-02 09:20:19,388 - root - INFO - Training scores:

2024-02-02 09:20:19,388 - root - INFO - Training scores:

2024-02-02 09:20:19,388 - root - INFO - Training scores:

2024-02-02 09:20:19,462 - root - INFO -     - Accuracy: 0.480
2024-02-02 09:20:19,462 - root - INFO -     - Accuracy: 0.480
2024-02-02 09:20:19,462 - root - INFO -     - Accuracy: 0.480
2024-02-02 09:20:19,833 - root - INFO -     - Precision: 0.479
2024-02-02 09:20:19,833 - root - INFO -     - Precision: 0.479
2024-02-02 09:20:19,833 - root - INFO -     - Precision: 0.479
2024-02-02 09:20:20,173 - root - INFO -     - Recall: 0.480

2024-02-02 09:20:20,173 - root - INFO -     - Recall: 0.480

2024-02-02 09:20:20,173 - root - INFO -     - Recall: 0.480

2024-02-02 09:20:20,350 - root - INFO - Test scores:

2024-02-02 09:20:20,350 - root - INFO - Test scores:

2024-02-02 09:20:20,350 - root - INFO - Test scores:

2024-02-02 09:20:20,351 - root - INFO -     - Accuracy: 0.481
2024-02-02 09:20:20,351 - root - INFO -     - Accuracy: 0.481
2024-02-02 09:20:20,351 - root - INFO -     - Accuracy: 0.481
2024-02-02 09:20:20,352 - root - INFO -     - Precision: 0.480
2024-02-02 09:20:20,352 - root - INFO -     - Precision: 0.480
2024-02-02 09:20:20,352 - root - INFO -     - Precision: 0.480
2024-02-02 09:20:20,354 - root - INFO -     - Recall: 0.481
2024-02-02 09:20:20,354 - root - INFO -     - Recall: 0.481
2024-02-02 09:20:20,354 - root - INFO -     - Recall: 0.481
2024-02-02 09:25:09,783 - root - INFO - Training scores:

2024-02-02 09:25:09,784 - root - INFO -     - Accuracy: 0.480
2024-02-02 09:25:09,784 - root - INFO -     - Precision: 0.479
2024-02-02 09:25:09,785 - root - INFO -     - Recall: 0.480
2024-02-02 09:25:09,967 - root - INFO - Test scores:

2024-02-02 09:25:09,968 - root - INFO -     - Accuracy: 0.481
2024-02-02 09:25:09,968 - root - INFO -     - Precision: 0.480
2024-02-02 09:25:09,969 - root - INFO -     - Recall: 0.481
2024-02-02 12:28:53,549 - root - INFO - Training scores:

2024-02-02 12:28:53,550 - root - INFO -     - Accuracy: 0.152
2024-02-02 12:28:53,550 - root - INFO -     - Precision: 0.153
2024-02-02 12:28:53,551 - root - INFO -     - Recall: 0.152
2024-02-02 12:28:53,871 - root - INFO - Test scores:

2024-02-02 12:28:53,872 - root - INFO -     - Accuracy: 0.116
2024-02-02 12:28:53,872 - root - INFO -     - Precision: 0.107
2024-02-02 12:28:53,872 - root - INFO -     - Recall: 0.116
2024-02-02 13:01:45,610 - root - INFO - Training scores:

2024-02-02 13:01:45,611 - root - INFO -     - Mean Absolute Percentage Error: 0.221
2024-02-02 13:01:45,612 - root - INFO -     - Explained Variance: 0.478
2024-02-02 13:01:45,612 - root - INFO -     - R2 Score: 0.478

2024-02-02 13:01:45,686 - root - INFO - Test scores:

2024-02-02 13:01:45,687 - root - INFO -     - Mean Absolute Percentage Error: 0.221
2024-02-02 13:01:45,687 - root - INFO -     - Explained Variance: 0.478
2024-02-02 13:01:45,687 - root - INFO -     - R2 Score: 0.478

2024-02-02 14:17:36,095 - google.auth.compute_engine._metadata - WARNING - Compute Engine Metadata server unavailable on attempt 1 of 3. Reason: timed out
2024-02-02 14:17:39,097 - google.auth.compute_engine._metadata - WARNING - Compute Engine Metadata server unavailable on attempt 2 of 3. Reason: timed out
2024-02-02 14:17:42,100 - google.auth.compute_engine._metadata - WARNING - Compute Engine Metadata server unavailable on attempt 3 of 3. Reason: timed out
2024-02-02 14:17:42,101 - google.auth._default - WARNING - Authentication failed using Compute Engine authentication due to unavailable metadata server.
2024-02-02 14:32:51,266 - root - INFO - 
Training data shape: (745662, 4)
Validation data shape: (159785, 4)
Test data shape: (159785, 4)
2024-02-02 14:43:27,676 - root - INFO - Training scores:

2024-02-02 14:43:27,677 - root - INFO -     - Accuracy: 0.580
2024-02-02 14:43:27,677 - root - INFO -     - Precision: 0.592
2024-02-02 14:43:27,679 - root - INFO -     - Recall: 0.580
2024-02-02 14:43:27,791 - root - INFO - Test scores:

2024-02-02 14:43:27,792 - root - INFO -     - Accuracy: 0.579
2024-02-02 14:43:27,792 - root - INFO -     - Precision: 0.590
2024-02-02 14:43:27,793 - root - INFO -     - Recall: 0.579
2024-02-02 14:43:47,610 - root - INFO - Training scores:

2024-02-02 14:43:47,611 - root - INFO -     - Accuracy: 0.744
2024-02-02 14:43:47,611 - root - INFO -     - Precision: 0.747
2024-02-02 14:43:47,612 - root - INFO -     - Recall: 0.744
2024-02-02 14:43:47,727 - root - INFO - Test scores:

2024-02-02 14:43:47,727 - root - INFO -     - Accuracy: 0.667
2024-02-02 14:43:47,727 - root - INFO -     - Precision: 0.669
2024-02-02 14:43:47,728 - root - INFO -     - Recall: 0.667
2024-02-02 14:44:30,451 - root - INFO - Training scores:

2024-02-02 14:44:30,452 - root - INFO -     - Accuracy: 0.677
2024-02-02 14:44:30,453 - root - INFO -     - Precision: 0.750
2024-02-02 14:44:30,453 - root - INFO -     - Recall: 0.677
2024-02-02 14:44:30,551 - root - INFO - Test scores:

2024-02-02 14:44:30,552 - root - INFO -     - Accuracy: 0.642
2024-02-02 14:44:30,552 - root - INFO -     - Precision: 0.703
2024-02-02 14:44:30,553 - root - INFO -     - Recall: 0.642
2024-02-03 01:48:14,909 - root - INFO - Training scores:

2024-02-03 01:48:14,912 - root - INFO -     - Accuracy: 0.480
2024-02-03 01:48:14,913 - root - INFO -     - Precision: 0.479
2024-02-03 01:48:14,913 - root - INFO -     - Recall: 0.480
2024-02-03 01:48:15,078 - root - INFO - Test scores:

2024-02-03 01:48:15,078 - root - INFO -     - Accuracy: 0.481
2024-02-03 01:48:15,079 - root - INFO -     - Precision: 0.480
2024-02-03 01:48:15,079 - root - INFO -     - Recall: 0.481
2024-02-03 07:55:01,358 - root - INFO - Training scores:

2024-02-03 07:55:01,358 - root - INFO - Training scores:

2024-02-03 07:55:01,360 - root - INFO -     - Accuracy: 0.152
2024-02-03 07:55:01,360 - root - INFO -     - Accuracy: 0.152
2024-02-03 07:55:01,361 - root - INFO -     - Precision: 0.153
2024-02-03 07:55:01,361 - root - INFO -     - Precision: 0.153
2024-02-03 07:55:01,362 - root - INFO -     - Recall: 0.152
2024-02-03 07:55:01,362 - root - INFO -     - Recall: 0.152
2024-02-03 07:55:01,660 - root - INFO - Test scores:

2024-02-03 07:55:01,660 - root - INFO - Test scores:

2024-02-03 07:55:01,660 - root - INFO -     - Accuracy: 0.116
2024-02-03 07:55:01,660 - root - INFO -     - Accuracy: 0.116
2024-02-03 07:55:01,662 - root - INFO -     - Precision: 0.107
2024-02-03 07:55:01,662 - root - INFO -     - Precision: 0.107
2024-02-03 07:55:01,663 - root - INFO -     - Recall: 0.116
2024-02-03 07:55:01,663 - root - INFO -     - Recall: 0.116
2024-02-03 07:57:28,476 - root - INFO - Training scores:

2024-02-03 07:57:28,476 - root - INFO - Training scores:

2024-02-03 07:57:28,477 - root - INFO -     - Mean Absolute Percentage Error: 0.221
2024-02-03 07:57:28,477 - root - INFO -     - Mean Absolute Percentage Error: 0.221
2024-02-03 07:57:28,478 - root - INFO -     - Explained Variance: 0.478
2024-02-03 07:57:28,478 - root - INFO -     - Explained Variance: 0.478
2024-02-03 07:57:28,480 - root - INFO -     - R2 Score: 0.478

2024-02-03 07:57:28,480 - root - INFO -     - R2 Score: 0.478

2024-02-03 07:57:28,576 - root - INFO - Test scores:

2024-02-03 07:57:28,576 - root - INFO - Test scores:

2024-02-03 07:57:28,577 - root - INFO -     - Mean Absolute Percentage Error: 0.221
2024-02-03 07:57:28,577 - root - INFO -     - Mean Absolute Percentage Error: 0.221
2024-02-03 07:57:28,577 - root - INFO -     - Explained Variance: 0.478
2024-02-03 07:57:28,577 - root - INFO -     - Explained Variance: 0.478
2024-02-03 07:57:28,578 - root - INFO -     - R2 Score: 0.478

2024-02-03 07:57:28,578 - root - INFO -     - R2 Score: 0.478

2024-02-03 11:21:57,514 - root - INFO - Training scores:

2024-02-03 11:21:57,515 - root - INFO -     - Accuracy: 0.152
2024-02-03 11:21:57,515 - root - INFO -     - Precision: 0.153
2024-02-03 11:21:57,516 - root - INFO -     - Recall: 0.152
2024-02-03 11:21:57,803 - root - INFO - Test scores:

2024-02-03 11:21:57,804 - root - INFO -     - Accuracy: 0.116
2024-02-03 11:21:57,804 - root - INFO -     - Precision: 0.107
2024-02-03 11:21:57,805 - root - INFO -     - Recall: 0.116
2024-02-03 11:24:19,614 - root - INFO - Training scores:

2024-02-03 11:24:19,614 - root - INFO -     - Mean Absolute Percentage Error: 0.221
2024-02-03 11:24:19,615 - root - INFO -     - Explained Variance: 0.478
2024-02-03 11:24:19,615 - root - INFO -     - R2 Score: 0.478

2024-02-03 11:24:19,686 - root - INFO - Test scores:

2024-02-03 11:24:19,687 - root - INFO -     - Mean Absolute Percentage Error: 0.221
2024-02-03 11:24:19,687 - root - INFO -     - Explained Variance: 0.478
2024-02-03 11:24:19,688 - root - INFO -     - R2 Score: 0.478

2024-02-03 11:24:25,822 - google.auth.compute_engine._metadata - WARNING - Compute Engine Metadata server unavailable on attempt 1 of 3. Reason: timed out
2024-02-03 11:24:28,830 - google.auth.compute_engine._metadata - WARNING - Compute Engine Metadata server unavailable on attempt 2 of 3. Reason: timed out
2024-02-03 11:24:31,844 - google.auth.compute_engine._metadata - WARNING - Compute Engine Metadata server unavailable on attempt 3 of 3. Reason: timed out
2024-02-03 11:24:31,845 - google.auth._default - WARNING - Authentication failed using Compute Engine authentication due to unavailable metadata server.
2024-02-03 13:48:29,683 - google.auth.compute_engine._metadata - WARNING - Compute Engine Metadata server unavailable on attempt 1 of 3. Reason: timed out
2024-02-03 13:48:32,692 - google.auth.compute_engine._metadata - WARNING - Compute Engine Metadata server unavailable on attempt 2 of 3. Reason: timed out
2024-02-03 13:48:35,696 - google.auth.compute_engine._metadata - WARNING - Compute Engine Metadata server unavailable on attempt 3 of 3. Reason: timed out
2024-02-03 13:48:35,697 - google.auth._default - WARNING - Authentication failed using Compute Engine authentication due to unavailable metadata server.
2024-02-03 14:21:11,704 - root - INFO - Training scores:

2024-02-03 14:21:11,704 - root - INFO -     - Accuracy: 0.152
2024-02-03 14:21:11,705 - root - INFO -     - Precision: 0.153
2024-02-03 14:21:11,705 - root - INFO -     - Recall: 0.152
2024-02-03 14:21:12,007 - root - INFO - Test scores:

2024-02-03 14:21:12,007 - root - INFO -     - Accuracy: 0.116
2024-02-03 14:21:12,008 - root - INFO -     - Precision: 0.107
2024-02-03 14:21:12,008 - root - INFO -     - Recall: 0.116
2024-02-03 14:23:44,584 - root - INFO - Training scores:

2024-02-03 14:23:44,585 - root - INFO -     - Mean Absolute Percentage Error: 0.221
2024-02-03 14:23:44,585 - root - INFO -     - Explained Variance: 0.478
2024-02-03 14:23:44,586 - root - INFO -     - R2 Score: 0.478

2024-02-03 14:23:44,667 - root - INFO - Test scores:

2024-02-03 14:23:44,667 - root - INFO -     - Mean Absolute Percentage Error: 0.221
2024-02-03 14:23:44,668 - root - INFO -     - Explained Variance: 0.478
2024-02-03 14:23:44,668 - root - INFO -     - R2 Score: 0.478

2024-02-03 14:23:50,926 - google.auth.compute_engine._metadata - WARNING - Compute Engine Metadata server unavailable on attempt 1 of 3. Reason: timed out
2024-02-03 14:23:53,936 - google.auth.compute_engine._metadata - WARNING - Compute Engine Metadata server unavailable on attempt 2 of 3. Reason: timed out
2024-02-03 14:23:56,941 - google.auth.compute_engine._metadata - WARNING - Compute Engine Metadata server unavailable on attempt 3 of 3. Reason: timed out
2024-02-03 14:23:56,941 - google.auth._default - WARNING - Authentication failed using Compute Engine authentication due to unavailable metadata server.
2024-02-03 17:21:30,798 - google.auth.compute_engine._metadata - WARNING - Compute Engine Metadata server unavailable on attempt 1 of 3. Reason: timed out
2024-02-03 17:21:33,808 - google.auth.compute_engine._metadata - WARNING - Compute Engine Metadata server unavailable on attempt 2 of 3. Reason: timed out
2024-02-03 17:21:36,813 - google.auth.compute_engine._metadata - WARNING - Compute Engine Metadata server unavailable on attempt 3 of 3. Reason: timed out
2024-02-03 17:21:36,814 - google.auth._default - WARNING - Authentication failed using Compute Engine authentication due to unavailable metadata server.
2024-02-05 08:55:06,241 - root - INFO - Training scores:

2024-02-05 08:55:06,242 - root - INFO -     - Accuracy: 0.152
2024-02-05 08:55:06,243 - root - INFO -     - Precision: 0.153
2024-02-05 08:55:06,244 - root - INFO -     - Recall: 0.152
2024-02-05 08:55:06,583 - root - INFO - Test scores:

2024-02-05 08:55:06,584 - root - INFO -     - Accuracy: 0.116
2024-02-05 08:55:06,584 - root - INFO -     - Precision: 0.107
2024-02-05 08:55:06,584 - root - INFO -     - Recall: 0.116
2024-02-05 08:58:29,815 - root - INFO - Training scores:

2024-02-05 08:58:29,816 - root - INFO -     - Mean Absolute Percentage Error: 0.221
2024-02-05 08:58:29,817 - root - INFO -     - Explained Variance: 0.478
2024-02-05 08:58:29,818 - root - INFO -     - R2 Score: 0.478

2024-02-05 08:58:29,918 - root - INFO - Test scores:

2024-02-05 08:58:29,918 - root - INFO -     - Mean Absolute Percentage Error: 0.221
2024-02-05 08:58:29,919 - root - INFO -     - Explained Variance: 0.478
2024-02-05 08:58:29,919 - root - INFO -     - R2 Score: 0.478

2024-02-05 09:18:57,832 - root - INFO - 
Training data shape: (745662, 4)
Validation data shape: (159785, 4)
Test data shape: (159785, 4)
2024-02-05 09:18:58,884 - root - INFO - Training scores:

2024-02-05 09:18:58,885 - root - INFO -     - Accuracy: 0.580
2024-02-05 09:18:58,885 - root - INFO -     - Precision: 0.592
2024-02-05 09:18:58,886 - root - INFO -     - Recall: 0.580
2024-02-05 09:18:58,965 - root - INFO - Test scores:

2024-02-05 09:18:58,965 - root - INFO -     - Accuracy: 0.579
2024-02-05 09:18:58,966 - root - INFO -     - Precision: 0.590
2024-02-05 09:18:58,966 - root - INFO -     - Recall: 0.579
2024-02-05 09:19:02,832 - root - INFO - Training scores:

2024-02-05 09:19:02,833 - root - INFO -     - Accuracy: 0.744
2024-02-05 09:19:02,833 - root - INFO -     - Precision: 0.747
2024-02-05 09:19:02,834 - root - INFO -     - Recall: 0.744
2024-02-05 09:19:02,912 - root - INFO - Test scores:

2024-02-05 09:19:02,913 - root - INFO -     - Accuracy: 0.667
2024-02-05 09:19:02,913 - root - INFO -     - Precision: 0.669
2024-02-05 09:19:02,914 - root - INFO -     - Recall: 0.667
2024-02-05 09:19:11,828 - root - INFO - Training scores:

2024-02-05 09:19:11,829 - root - INFO -     - Accuracy: 0.677
2024-02-05 09:19:11,829 - root - INFO -     - Precision: 0.750
2024-02-05 09:19:11,830 - root - INFO -     - Recall: 0.677
2024-02-05 09:19:11,905 - root - INFO - Test scores:

2024-02-05 09:19:11,905 - root - INFO -     - Accuracy: 0.642
2024-02-05 09:19:11,906 - root - INFO -     - Precision: 0.703
2024-02-05 09:19:11,906 - root - INFO -     - Recall: 0.642
2024-02-05 09:42:23,106 - root - INFO - Training scores:

2024-02-05 09:42:23,107 - root - INFO -     - Accuracy: 0.480
2024-02-05 09:42:23,107 - root - INFO -     - Precision: 0.479
2024-02-05 09:42:23,108 - root - INFO -     - Recall: 0.480
2024-02-05 09:42:23,276 - root - INFO - Test scores:

2024-02-05 09:42:23,277 - root - INFO -     - Accuracy: 0.481
2024-02-05 09:42:23,277 - root - INFO -     - Precision: 0.480
2024-02-05 09:42:23,277 - root - INFO -     - Recall: 0.481
2024-02-05 11:07:16,248 - root - INFO - 
Training data shape: (745662, 4)
Validation data shape: (159785, 4)
Test data shape: (159785, 4)
2024-02-05 11:07:17,388 - root - INFO - Training scores:

2024-02-05 11:07:17,389 - root - INFO -     - Accuracy: 0.580
2024-02-05 11:07:17,390 - root - INFO -     - Precision: 0.592
2024-02-05 11:07:17,390 - root - INFO -     - Recall: 0.580
2024-02-05 11:07:17,506 - root - INFO - Test scores:

2024-02-05 11:07:17,508 - root - INFO -     - Accuracy: 0.579
2024-02-05 11:07:17,509 - root - INFO -     - Precision: 0.590
2024-02-05 11:07:17,510 - root - INFO -     - Recall: 0.579
2024-02-05 11:07:21,816 - root - INFO - Training scores:

2024-02-05 11:07:21,816 - root - INFO -     - Accuracy: 0.744
2024-02-05 11:07:21,816 - root - INFO -     - Precision: 0.747
2024-02-05 11:07:21,817 - root - INFO -     - Recall: 0.744
2024-02-05 11:07:21,895 - root - INFO - Test scores:

2024-02-05 11:07:21,895 - root - INFO -     - Accuracy: 0.667
2024-02-05 11:07:21,896 - root - INFO -     - Precision: 0.669
2024-02-05 11:07:21,896 - root - INFO -     - Recall: 0.667
2024-02-05 11:07:30,795 - root - INFO - Training scores:

2024-02-05 11:07:30,796 - root - INFO -     - Accuracy: 0.677
2024-02-05 11:07:30,796 - root - INFO -     - Precision: 0.750
2024-02-05 11:07:30,797 - root - INFO -     - Recall: 0.677
2024-02-05 11:07:30,872 - root - INFO - Test scores:

2024-02-05 11:07:30,872 - root - INFO -     - Accuracy: 0.642
2024-02-05 11:07:30,873 - root - INFO -     - Precision: 0.703
2024-02-05 11:07:30,873 - root - INFO -     - Recall: 0.642
2024-02-05 11:34:14,939 - root - INFO - Training scores:

2024-02-05 11:34:14,939 - root - INFO -     - Accuracy: 0.152
2024-02-05 11:34:14,940 - root - INFO -     - Precision: 0.153
2024-02-05 11:34:14,940 - root - INFO -     - Recall: 0.152
2024-02-05 11:34:15,214 - root - INFO - Test scores:

2024-02-05 11:34:15,214 - root - INFO -     - Accuracy: 0.116
2024-02-05 11:34:15,215 - root - INFO -     - Precision: 0.107
2024-02-05 11:34:15,215 - root - INFO -     - Recall: 0.116
2024-02-05 11:36:37,645 - root - INFO - Training scores:

2024-02-05 11:36:37,646 - root - INFO -     - Mean Absolute Percentage Error: 0.221
2024-02-05 11:36:37,646 - root - INFO -     - Explained Variance: 0.478
2024-02-05 11:36:37,647 - root - INFO -     - R2 Score: 0.478

2024-02-05 11:36:37,734 - root - INFO - Test scores:

2024-02-05 11:36:37,734 - root - INFO -     - Mean Absolute Percentage Error: 0.221
2024-02-05 11:36:37,735 - root - INFO -     - Explained Variance: 0.478
2024-02-05 11:36:37,735 - root - INFO -     - R2 Score: 0.478

